<?xml version="1.0" encoding="UTF-8"?>
<beans xmlns="http://www.springframework.org/schema/beans"
       xmlns:xsi="http://www.w3.org/2001/XMLSchema-instance"
       xmlns:context="http://www.springframework.org/schema/context"
       xsi:schemaLocation="http://www.springframework.org/schema/beans http://www.springframework.org/schema/beans/spring-beans.xsd
                   http://www.springframework.org/schema/context http://www.springframework.org/schema/context/spring-context.xsd">

        <!-- We mock the Mongo -->
        <bean id="myDb" class="org.mockito.Mockito" factory-method="mock">
            <constructor-arg type="java.lang.Class" value="com.mongodb.Mongo" />
        </bean>

        <!-- We mock MongoDB -->
        <bean id="accounting" class="org.mockito.Mockito" factory-method="mock">
            <constructor-arg type="java.lang.Class" value="com.mongodb.DB" />
        </bean>

        <!-- We mock event collections -->
        <bean id="events" class="org.mockito.Mockito" factory-method="mock">
            <constructor-arg type="java.lang.Class" value="com.mongodb.DBCollection" />
        </bean>

        <bean id="jsonProcessor" class="es.tid.cloud.tdaf.accounting.persist.processor.JsonProcessor"/>
</beans>
