<?xml version="1.0" encoding="UTF-8"?>
<beans xmlns="http://www.springframework.org/schema/beans"
       xmlns:xsi="http://www.w3.org/2001/XMLSchema-instance"
       xmlns:context="http://www.springframework.org/schema/context"
       xsi:schemaLocation="http://www.springframework.org/schema/beans http://www.springframework.org/schema/beans/spring-beans.xsd
                   http://www.springframework.org/schema/context http://www.springframework.org/schema/context/spring-context.xsd">

        <!-- Integration instance -->
        <bean id="myDb" class="com.mongodb.Mongo">
            <constructor-arg type="java.lang.Strig" value="localhost" />
        </bean>

        <bean id="jsonProcessor" class="es.tid.cloud.tdaf.accounting.persist.processor.JsonProcessor"/>
</beans>
