<?xml version="1.0" encoding="UTF-8"?>
<beans xmlns="http://www.springframework.org/schema/beans"
       xmlns:xsi="http://www.w3.org/2001/XMLSchema-instance"
       xmlns:context="http://www.springframework.org/schema/context"
       xsi:schemaLocation="http://www.springframework.org/schema/beans http://www.springframework.org/schema/beans/spring-beans.xsd
                   http://www.springframework.org/schema/context http://www.springframework.org/schema/context/spring-context.xsd">

    <!-- Accounting Properties -->
    <bean id="cfgProps" class="org.springframework.beans.factory.config.PropertiesFactoryBean">
        <property name="locations" value="conf/accounting.cfg" />
    </bean>

    <context:property-placeholder properties-ref="cfgProps"/>

    <!-- Integration instance -->
    <bean id="myDb" class="com.mongodb.Mongo">
        <constructor-arg index="0" value="${mongo.host}"/>
    </bean>

    <bean id="eventEntryMatcherProcessor" class="org.mockito.Mockito" factory-method="mock">
        <constructor-arg type="java.lang.Class" value="es.tid.cloud.tdaf.accounting.filtering.EventEntryMatcherProcessor"/>
    </bean>

    <bean id="eventCSVParser" class="org.mockito.Mockito" factory-method="mock">
        <constructor-arg type="java.lang.Class" value="es.tid.cloud.tdaf.accounting.filtering.csv.EventCSVParser" />
    </bean>

    <bean id="logParser" class="org.mockito.Mockito" factory-method="mock">
        <constructor-arg type="java.lang.Class" value="es.tid.cloud.tdaf.accounting.filtering.LogParser" />
    </bean>

</beans>
